C:\USERS\USER\DESKTOP\NEW_PROJ\NEW\X64\DEBUG\NEW.PCH
C:\USERS\USER\DESKTOP\NEW_PROJ\NEW\X64\DEBUG\STDAFX.OBJ
C:\USERS\USER\DESKTOP\NEW_PROJ\NEW\X64\DEBUG\VC110.PDB
C:\USERS\USER\DESKTOP\NEW_PROJ\NEW\X64\DEBUG\NEW.OBJ
C:\Users\user\Desktop\new_proj\New\x64\Debug\New.obj
C:\Users\user\Desktop\new_proj\New\x64\Debug\stdafx.obj
C:\Users\user\Desktop\new_proj\New\x64\Debug\cl.command.1.tlog
C:\Users\user\Desktop\new_proj\New\x64\Debug\CL.read.1.tlog
C:\Users\user\Desktop\new_proj\New\x64\Debug\CL.write.1.tlog
C:\Users\user\Desktop\new_proj\New\x64\Debug\link-cvtres.read.1.tlog
C:\Users\user\Desktop\new_proj\New\x64\Debug\link-cvtres.write.1.tlog
C:\Users\user\Desktop\new_proj\New\x64\Debug\link-rc.read.1.tlog
C:\Users\user\Desktop\new_proj\New\x64\Debug\link-rc.write.1.tlog
C:\Users\user\Desktop\new_proj\New\x64\Debug\link.1752-cvtres.read.1.tlog
C:\Users\user\Desktop\new_proj\New\x64\Debug\link.1752-cvtres.write.1.tlog
C:\Users\user\Desktop\new_proj\New\x64\Debug\link.1752-rc.read.1.tlog
C:\Users\user\Desktop\new_proj\New\x64\Debug\link.1752-rc.write.1.tlog
C:\Users\user\Desktop\new_proj\New\x64\Debug\link.1752.read.1.tlog
C:\Users\user\Desktop\new_proj\New\x64\Debug\link.1752.write.1.tlog
C:\Users\user\Desktop\new_proj\New\x64\Debug\link.command.1.tlog
C:\Users\user\Desktop\new_proj\New\x64\Debug\link.read.1.tlog
C:\Users\user\Desktop\new_proj\New\x64\Debug\link.write.1.tlog
C:\Users\user\Desktop\new_proj\New\x64\Debug\New.pch
C:\Users\user\Desktop\new_proj\New\x64\Debug\vc110.idb
C:\Users\user\Desktop\new_proj\New\x64\Debug\vc110.pdb
